<?xml version="1.0" encoding="utf-8"?>
<testsuites>
   <testsuite name="pytest" errors="0" failures="2" skipped="1" tests="9" time="1.673"
      timestamp="2025-04-08T01:46:49.982389-04:00" hostname="192.168.1.5">
      <testcase classname="tests.test_utils" name="test_get_data" time="0.726" />
      <testcase classname="tests.test_utils" name="test_get_data_multiple" time="0.045" />
      <testcase classname="tests.test_utils" name="test_get_data_concurrent" time="0.021">
         <failure
            message="assert 4 == 0&#10; +  where 4 = len([&lt;analytics.alerts.Alerts object at 0x10f3beb70&gt;, &lt;analytics.alerts.Alerts object at 0x10f3beb70&gt;, &lt;analytics.alerts.Alerts object at 0x10f3beb70&gt;, &lt;analytics.alerts.Alerts object at 0x10f3beb70&gt;])">def
            test_get_data_concurrent():
            """Test concurrent requests for data"""

            Alerts.reset_instance()
            now = datetime.datetime.now(pytz.UTC)
            since = int((now - datetime.timedelta(days=30)).timestamp()) * 1000
            until = int((now -
            datetime.timedelta(minutes=MINUTES_BETWEEN_UPDATES_FROM_API)).timestamp()) * 1000

            workers = 4

            with patch("utils.utils.requests.get") as mock_requests:
            mock_requests.return_value.json.return_value = {"alerts": generate_alerts_data()}

            with concurrent.futures.ThreadPoolExecutor(max_workers=workers) as executor:
            futures = [executor.submit(utils.get_data, since, until) for _ in range(4)]
            results = [f.result() for f in futures]
            &gt; assert len(results) == 0
            E assert 4 == 0
            E + where 4 = len([&lt;analytics.alerts.Alerts object at 0x10f3beb70&gt;,
            &lt;analytics.alerts.Alerts object at 0x10f3beb70&gt;, &lt;analytics.alerts.Alerts
            object at 0x10f3beb70&gt;, &lt;analytics.alerts.Alerts object at 0x10f3beb70&gt;])
            tests/test_utils.py:173: AssertionError</failure>
      </testcase>
      <testcase classname="tests.test_utils" name="test_update_timezone" time="0.001" />
      <testcase classname="tests.test_utils" name="test_separate_coords" time="0.001" />
      <testcase classname="tests.test_utils" name="test_freq_nearby" time="0.003" />
      <testcase classname="tests.test_utils" name="test_hourly_group" time="0.010" />
      <testcase classname="tests.test_utils" name="test_daily_group" time="0.000">
         <skipped type="pytest.skip" message="unconditional skip">/Users/richard/proj/antof_traffic/client/tests/test_utils.py:243:
            unconditional skip</skipped>
      </testcase>
      <testcase classname="tests.test_utils" name="test_generate_aggregate_data" time="0.010">
         <failure
            message="AssertionError: assert not True&#10; +  where True = hasattr(                                   uuid  ...                           geometry\n0  16272ee8-9a60-4dea-a4b1-76a8281732d4  ...  POINT (-7835709.939 -2708222.708)\n1  3ed960c0-13e9-441d-baf9-7a27181c35a4  ...  POINT (-7836296.593 -2707541.801)\n2  f51a5fbc-1a4a-4a36-9c4e-b8c67598e1f3  ...  POINT (-7836074.399 -2698175.727)\n\n[3 rows x 17 columns], 'group')&#10; +    where                                    uuid  ...                           geometry\n0  16272ee8-9a60-4dea-a4b1-76a8281732d4  ...  POINT (-7835709.939 -2708222.708)\n1  3ed960c0-13e9-441d-baf9-7a27181c35a4  ...  POINT (-7836296.593 -2707541.801)\n2  f51a5fbc-1a4a-4a36-9c4e-b8c67598e1f3  ...  POINT (-7836074.399 -2698175.727)\n\n[3 rows x 17 columns] = &lt;analytics.alerts.Alerts object at 0x1194c6de0&gt;.data">def
            test_generate_aggregate_data():
            """
            Test the response of the API in /aggregate.
            Must be return aggregate data and group information.
            """
            df = generate_simple_alerts_data()
            n = len(df)

            curr_time = datetime.datetime.now()
            df["pub_millis"] = [curr_time] * n
            df3 = utils.generate_aggregate_data(df)

            assert len(df3.data), n

            &gt; assert not hasattr(df3.data, "group")
            E AssertionError: assert not True
            E + where True = hasattr( uuid ... geometry\n0 16272ee8-9a60-4dea-a4b1-76a8281732d4 ...
            POINT (-7835709.939 -2708222.708)\n1 3ed960c0-13e9-441d-baf9-7a27181c35a4 ... POINT
            (-7836296.593 -2707541.801)\n2 f51a5fbc-1a4a-4a36-9c4e-b8c67598e1f3 ... POINT
            (-7836074.399 -2698175.727)\n\n[3 rows x 17 columns], 'group')
            E + where uuid ... geometry\n0 16272ee8-9a60-4dea-a4b1-76a8281732d4 ... POINT
            (-7835709.939 -2708222.708)\n1 3ed960c0-13e9-441d-baf9-7a27181c35a4 ... POINT
            (-7836296.593 -2707541.801)\n2 f51a5fbc-1a4a-4a36-9c4e-b8c67598e1f3 ... POINT
            (-7836074.399 -2698175.727)\n\n[3 rows x 17 columns] = &lt;analytics.alerts.Alerts
            object at 0x1194c6de0&gt;.data

            tests/test_utils.py:277: AssertionError</failure>
      </testcase>
   </testsuite>
</testsuites>
